{"contracts/mocks/OONE.sol":{"l":{"8":111},"path":"/Users/soloway2010/staking-rewards/contracts/mocks/OONE.sol","s":{"1":111},"b":{},"f":{"1":111},"fnMap":{"1":{"name":"constructor","line":7,"loc":{"start":{"line":7,"column":4},"end":{"line":9,"column":4}}}},"statementMap":{"1":{"start":{"line":8,"column":8},"end":{"line":8,"column":62}}},"branchMap":{}},"contracts/StakingRewards.sol":{"l":{"112":38,"113":38,"114":38,"115":38,"116":38,"118":38,"119":38,"120":38,"121":38,"131":1,"140":4,"148":84,"156":82,"157":44,"159":38,"169":35,"177":1,"187":13,"188":12,"189":12,"190":12,"191":12,"199":6,"200":5,"201":4,"202":4,"203":4,"210":6,"211":6,"212":6,"213":6,"214":6,"222":2,"223":2,"233":19,"234":18,"236":1,"237":1,"238":1,"245":19,"246":19,"248":16,"249":16,"250":16,"259":4,"260":3,"261":3,"269":4,"273":3,"274":3,"282":3,"283":0,"286":3,"287":2,"289":1,"308":44,"309":44,"310":44,"311":25,"312":25,"314":44},"path":"/Users/soloway2010/staking-rewards/contracts/StakingRewards.sol","s":{"1":38,"2":38,"3":38,"4":38,"5":1,"6":4,"7":84,"8":82,"9":44,"10":38,"11":35,"12":1,"13":13,"14":12,"15":12,"16":6,"17":4,"18":4,"19":6,"20":6,"21":6,"22":6,"23":2,"24":2,"25":19,"26":1,"27":1,"28":19,"29":19,"30":16,"31":4,"32":3,"33":3,"34":4,"35":3,"36":3,"37":0,"38":3,"39":2,"40":1,"41":44},"b":{"1":[38,0],"2":[30,54],"3":[44,38],"4":[14,0],"5":[13,1],"6":[13,0],"7":[12,1],"8":[6,0],"9":[6,0],"10":[5,1],"11":[6,0],"12":[6,0],"13":[6,0],"14":[19,1],"15":[19,0],"16":[18,1],"17":[16,3],"18":[4,1],"19":[3,1],"20":[4,1],"21":[3,1],"22":[3,1],"23":[0,3],"24":[2,1],"25":[0,0],"26":[25,19]},"f":{"1":38,"2":1,"3":4,"4":84,"5":82,"6":35,"7":1,"8":13,"9":6,"10":6,"11":2,"12":19,"13":4,"14":4,"15":3,"16":0,"17":44},"fnMap":{"1":{"name":"initialize","line":111,"loc":{"start":{"line":107,"column":4},"end":{"line":122,"column":4}}},"2":{"name":"totalSupply","line":130,"loc":{"start":{"line":130,"column":4},"end":{"line":132,"column":4}}},"3":{"name":"balanceOf","line":139,"loc":{"start":{"line":139,"column":4},"end":{"line":141,"column":4}}},"4":{"name":"lastTimeRewardApplicable","line":147,"loc":{"start":{"line":147,"column":4},"end":{"line":149,"column":4}}},"5":{"name":"rewardPerToken","line":155,"loc":{"start":{"line":155,"column":4},"end":{"line":161,"column":4}}},"6":{"name":"earned","line":168,"loc":{"start":{"line":168,"column":4},"end":{"line":170,"column":4}}},"7":{"name":"getRewardForDuration","line":176,"loc":{"start":{"line":176,"column":4},"end":{"line":178,"column":4}}},"8":{"name":"stake","line":186,"loc":{"start":{"line":186,"column":4},"end":{"line":192,"column":4}}},"9":{"name":"withdraw","line":198,"loc":{"start":{"line":198,"column":4},"end":{"line":204,"column":4}}},"10":{"name":"getReward","line":209,"loc":{"start":{"line":209,"column":4},"end":{"line":216,"column":4}}},"11":{"name":"exit","line":221,"loc":{"start":{"line":221,"column":4},"end":{"line":224,"column":4}}},"12":{"name":"notifyRewardAmount","line":232,"loc":{"start":{"line":232,"column":4},"end":{"line":251,"column":4}}},"13":{"name":"recoverERC20","line":258,"loc":{"start":{"line":258,"column":4},"end":{"line":262,"column":4}}},"14":{"name":"setRewardsDuration","line":268,"loc":{"start":{"line":268,"column":4},"end":{"line":275,"column":4}}},"15":{"name":"setPaused","line":281,"loc":{"start":{"line":281,"column":4},"end":{"line":291,"column":4}}},"16":{"name":"_authorizeUpgrade","line":299,"loc":{"start":{"line":299,"column":4},"end":{"line":299,"column":106}}},"17":{"name":"updateReward","line":307,"loc":{"start":{"line":307,"column":4},"end":{"line":315,"column":4}}}},"statementMap":{"1":{"start":{"line":118,"column":8},"end":{"line":118,"column":29}},"2":{"start":{"line":119,"column":8},"end":{"line":119,"column":45}},"3":{"start":{"line":120,"column":8},"end":{"line":120,"column":31}},"4":{"start":{"line":121,"column":8},"end":{"line":121,"column":24}},"5":{"start":{"line":131,"column":8},"end":{"line":131,"column":27}},"6":{"start":{"line":140,"column":8},"end":{"line":140,"column":33}},"7":{"start":{"line":148,"column":8},"end":{"line":148,"column":78}},"8":{"start":{"line":156,"column":8},"end":{"line":156,"column":5139}},"9":{"start":{"line":157,"column":12},"end":{"line":157,"column":39}},"10":{"start":{"line":159,"column":8},"end":{"line":159,"column":5330}},"11":{"start":{"line":169,"column":8},"end":{"line":169,"column":114}},"12":{"start":{"line":177,"column":8},"end":{"line":177,"column":43}},"13":{"start":{"line":187,"column":8},"end":{"line":187,"column":44}},"14":{"start":{"line":190,"column":8},"end":{"line":190,"column":71}},"15":{"start":{"line":191,"column":8},"end":{"line":191,"column":39}},"16":{"start":{"line":199,"column":8},"end":{"line":199,"column":47}},"17":{"start":{"line":202,"column":8},"end":{"line":202,"column":52}},"18":{"start":{"line":203,"column":8},"end":{"line":203,"column":42}},"19":{"start":{"line":210,"column":8},"end":{"line":210,"column":44}},"20":{"start":{"line":211,"column":8},"end":{"line":211,"column":7179}},"21":{"start":{"line":213,"column":12},"end":{"line":213,"column":56}},"22":{"start":{"line":214,"column":12},"end":{"line":214,"column":47}},"23":{"start":{"line":222,"column":8},"end":{"line":222,"column":38}},"24":{"start":{"line":223,"column":8},"end":{"line":223,"column":18}},"25":{"start":{"line":233,"column":8},"end":{"line":233,"column":7855}},"26":{"start":{"line":236,"column":12},"end":{"line":236,"column":62}},"27":{"start":{"line":237,"column":12},"end":{"line":237,"column":53}},"28":{"start":{"line":245,"column":8},"end":{"line":245,"column":60}},"29":{"start":{"line":246,"column":8},"end":{"line":246,"column":83}},"30":{"start":{"line":250,"column":8},"end":{"line":250,"column":32}},"31":{"start":{"line":259,"column":8},"end":{"line":259,"column":90}},"32":{"start":{"line":260,"column":8},"end":{"line":260,"column":65}},"33":{"start":{"line":261,"column":8},"end":{"line":261,"column":49}},"34":{"start":{"line":269,"column":8},"end":{"line":269,"column":9582}},"35":{"start":{"line":274,"column":8},"end":{"line":274,"column":52}},"36":{"start":{"line":282,"column":8},"end":{"line":282,"column":10043}},"37":{"start":{"line":283,"column":12},"end":{"line":283,"column":18}},"38":{"start":{"line":286,"column":8},"end":{"line":286,"column":10117}},"39":{"start":{"line":287,"column":12},"end":{"line":287,"column":19}},"40":{"start":{"line":289,"column":12},"end":{"line":289,"column":21}},"41":{"start":{"line":310,"column":8},"end":{"line":310,"column":10792}}},"branchMap":{"1":{"line":111,"type":"if","locations":[{"start":{"line":111,"column":6},"end":{"line":111,"column":6}},{"start":{"line":111,"column":6},"end":{"line":111,"column":6}}]},"2":{"line":148,"type":"if","locations":[{"start":{"line":148,"column":48},"end":{"line":148,"column":62}},{"start":{"line":148,"column":66},"end":{"line":148,"column":77}}]},"3":{"line":156,"type":"if","locations":[{"start":{"line":156,"column":8},"end":{"line":156,"column":8}},{"start":{"line":156,"column":8},"end":{"line":156,"column":8}}]},"4":{"line":186,"type":"if","locations":[{"start":{"line":186,"column":44},"end":{"line":186,"column":44}},{"start":{"line":186,"column":44},"end":{"line":186,"column":44}}]},"5":{"line":186,"type":"if","locations":[{"start":{"line":186,"column":57},"end":{"line":186,"column":57}},{"start":{"line":186,"column":57},"end":{"line":186,"column":57}}]},"6":{"line":186,"type":"if","locations":[{"start":{"line":186,"column":73},"end":{"line":186,"column":73}},{"start":{"line":186,"column":73},"end":{"line":186,"column":73}}]},"7":{"line":187,"type":"if","locations":[{"start":{"line":187,"column":8},"end":{"line":187,"column":8}},{"start":{"line":187,"column":8},"end":{"line":187,"column":8}}]},"8":{"line":198,"type":"if","locations":[{"start":{"line":198,"column":45},"end":{"line":198,"column":45}},{"start":{"line":198,"column":45},"end":{"line":198,"column":45}}]},"9":{"line":198,"type":"if","locations":[{"start":{"line":198,"column":58},"end":{"line":198,"column":58}},{"start":{"line":198,"column":58},"end":{"line":198,"column":58}}]},"10":{"line":199,"type":"if","locations":[{"start":{"line":199,"column":8},"end":{"line":199,"column":8}},{"start":{"line":199,"column":8},"end":{"line":199,"column":8}}]},"11":{"line":209,"type":"if","locations":[{"start":{"line":209,"column":32},"end":{"line":209,"column":32}},{"start":{"line":209,"column":32},"end":{"line":209,"column":32}}]},"12":{"line":209,"type":"if","locations":[{"start":{"line":209,"column":45},"end":{"line":209,"column":45}},{"start":{"line":209,"column":45},"end":{"line":209,"column":45}}]},"13":{"line":211,"type":"if","locations":[{"start":{"line":211,"column":8},"end":{"line":211,"column":8}},{"start":{"line":211,"column":8},"end":{"line":211,"column":8}}]},"14":{"line":232,"type":"if","locations":[{"start":{"line":232,"column":57},"end":{"line":232,"column":57}},{"start":{"line":232,"column":57},"end":{"line":232,"column":57}}]},"15":{"line":232,"type":"if","locations":[{"start":{"line":232,"column":86},"end":{"line":232,"column":86}},{"start":{"line":232,"column":86},"end":{"line":232,"column":86}}]},"16":{"line":233,"type":"if","locations":[{"start":{"line":233,"column":8},"end":{"line":233,"column":8}},{"start":{"line":233,"column":8},"end":{"line":233,"column":8}}]},"17":{"line":246,"type":"if","locations":[{"start":{"line":246,"column":8},"end":{"line":246,"column":8}},{"start":{"line":246,"column":8},"end":{"line":246,"column":8}}]},"18":{"line":258,"type":"if","locations":[{"start":{"line":258,"column":78},"end":{"line":258,"column":78}},{"start":{"line":258,"column":78},"end":{"line":258,"column":78}}]},"19":{"line":259,"type":"if","locations":[{"start":{"line":259,"column":8},"end":{"line":259,"column":8}},{"start":{"line":259,"column":8},"end":{"line":259,"column":8}}]},"20":{"line":268,"type":"if","locations":[{"start":{"line":268,"column":67},"end":{"line":268,"column":67}},{"start":{"line":268,"column":67},"end":{"line":268,"column":67}}]},"21":{"line":269,"type":"if","locations":[{"start":{"line":269,"column":8},"end":{"line":269,"column":8}},{"start":{"line":269,"column":8},"end":{"line":269,"column":8}}]},"22":{"line":281,"type":"if","locations":[{"start":{"line":281,"column":46},"end":{"line":281,"column":46}},{"start":{"line":281,"column":46},"end":{"line":281,"column":46}}]},"23":{"line":282,"type":"if","locations":[{"start":{"line":282,"column":8},"end":{"line":282,"column":8}},{"start":{"line":282,"column":8},"end":{"line":282,"column":8}}]},"24":{"line":286,"type":"if","locations":[{"start":{"line":286,"column":8},"end":{"line":286,"column":8}},{"start":{"line":286,"column":8},"end":{"line":286,"column":8}}]},"25":{"line":299,"type":"if","locations":[{"start":{"line":299,"column":76},"end":{"line":299,"column":76}},{"start":{"line":299,"column":76},"end":{"line":299,"column":76}}]},"26":{"line":310,"type":"if","locations":[{"start":{"line":310,"column":8},"end":{"line":310,"column":8}},{"start":{"line":310,"column":8},"end":{"line":310,"column":8}}]}}}}