{"contracts/OoneToken.sol":{"l":{"30":1},"path":"/Users/soloway2010/oone-token/contracts/OoneToken.sol","s":{"1":1},"b":{"1":[1,1]},"f":{"1":2,"2":1},"fnMap":{"1":{"name":"constructor","line":20,"loc":{"start":{"line":18,"column":4},"end":{"line":21,"column":5}}},"2":{"name":"mint","line":29,"loc":{"start":{"line":29,"column":4},"end":{"line":31,"column":4}}}},"statementMap":{"1":{"start":{"line":30,"column":8},"end":{"line":30,"column":24}}},"branchMap":{"1":{"line":29,"type":"if","locations":[{"start":{"line":29,"column":53},"end":{"line":29,"column":53}},{"start":{"line":29,"column":53},"end":{"line":29,"column":53}}]}}}}