{"contracts/mocks/OONE.sol":{"l":{"8":2},"path":"/Users/soloway2010/vault/contracts/mocks/OONE.sol","s":{"1":2},"b":{},"f":{"1":2},"fnMap":{"1":{"name":"constructor","line":7,"loc":{"start":{"line":7,"column":4},"end":{"line":9,"column":4}}}},"statementMap":{"1":{"start":{"line":8,"column":8},"end":{"line":8,"column":47}}},"branchMap":{}},"contracts/mocks/RewardsDistributorMock.sol":{"l":{"15":2,"19":2},"path":"/Users/soloway2010/vault/contracts/mocks/RewardsDistributorMock.sol","s":{"1":2},"b":{},"f":{"1":2,"2":2},"fnMap":{"1":{"name":"constructor","line":12,"loc":{"start":{"line":12,"column":4},"end":{"line":16,"column":4}}},"2":{"name":"refillBalance","line":18,"loc":{"start":{"line":18,"column":4},"end":{"line":20,"column":4}}}},"statementMap":{"1":{"start":{"line":19,"column":8},"end":{"line":19,"column":72}}},"branchMap":{}},"contracts/Vault.sol":{"l":{"119":1,"120":1,"122":1,"123":1,"125":1,"126":1,"128":1,"129":1,"138":1,"140":1,"149":1,"151":1,"160":1,"162":1,"171":1,"173":1,"183":1,"184":1,"186":1,"196":1,"197":1,"199":1,"208":2,"209":2,"210":1,"212":1,"221":2,"228":1},"path":"/Users/soloway2010/vault/contracts/Vault.sol","s":{"1":1,"2":1,"3":1,"4":1,"5":1,"6":1,"7":1,"8":1,"9":1,"10":1,"11":1,"12":1,"13":2,"14":2,"15":1,"16":1,"17":1},"b":{"1":[1,0],"2":[1,1],"3":[1,1],"4":[1,1],"5":[1,1],"6":[1,1],"7":[1,1],"8":[2,1],"9":[1,1],"10":[0,0]},"f":{"1":1,"2":1,"3":1,"4":1,"5":1,"6":1,"7":1,"8":2,"9":1,"10":0},"fnMap":{"1":{"name":"initialize","line":118,"loc":{"start":{"line":110,"column":4},"end":{"line":130,"column":4}}},"2":{"name":"setRewardsDistributorOone","line":137,"loc":{"start":{"line":137,"column":4},"end":{"line":141,"column":4}}},"3":{"name":"setRewardsDistributorUsdt","line":148,"loc":{"start":{"line":148,"column":4},"end":{"line":152,"column":4}}},"4":{"name":"setMinWorkingBalance","line":159,"loc":{"start":{"line":159,"column":4},"end":{"line":163,"column":4}}},"5":{"name":"setRefillAmount","line":170,"loc":{"start":{"line":170,"column":4},"end":{"line":174,"column":4}}},"6":{"name":"refillRewardsDistributorOone","line":182,"loc":{"start":{"line":182,"column":4},"end":{"line":187,"column":4}}},"7":{"name":"refillRewardsDistributorUsdt","line":195,"loc":{"start":{"line":195,"column":4},"end":{"line":200,"column":4}}},"8":{"name":"refillBalances","line":207,"loc":{"start":{"line":207,"column":4},"end":{"line":215,"column":4}}},"9":{"name":null,"line":227,"loc":{"start":{"line":227,"column":4},"end":{"line":229,"column":4}}},"10":{"name":"_authorizeUpgrade","line":236,"loc":{"start":{"line":236,"column":4},"end":{"line":236,"column":106}}}},"statementMap":{"1":{"start":{"line":119,"column":8},"end":{"line":119,"column":29}},"2":{"start":{"line":120,"column":8},"end":{"line":120,"column":45}},"3":{"start":{"line":138,"column":8},"end":{"line":138,"column":91}},"4":{"start":{"line":149,"column":8},"end":{"line":149,"column":91}},"5":{"start":{"line":160,"column":8},"end":{"line":160,"column":76}},"6":{"start":{"line":171,"column":8},"end":{"line":171,"column":61}},"7":{"start":{"line":183,"column":8},"end":{"line":183,"column":57}},"8":{"start":{"line":184,"column":8},"end":{"line":184,"column":79}},"9":{"start":{"line":186,"column":8},"end":{"line":186,"column":83}},"10":{"start":{"line":196,"column":8},"end":{"line":196,"column":57}},"11":{"start":{"line":197,"column":8},"end":{"line":197,"column":79}},"12":{"start":{"line":199,"column":8},"end":{"line":199,"column":83}},"13":{"start":{"line":208,"column":8},"end":{"line":208,"column":8899}},"14":{"start":{"line":209,"column":12},"end":{"line":209,"column":8964}},"15":{"start":{"line":210,"column":16},"end":{"line":210,"column":50}},"16":{"start":{"line":212,"column":16},"end":{"line":212,"column":64}},"17":{"start":{"line":228,"column":8},"end":{"line":228,"column":50}}},"branchMap":{"1":{"line":118,"type":"if","locations":[{"start":{"line":118,"column":6},"end":{"line":118,"column":6}},{"start":{"line":118,"column":6},"end":{"line":118,"column":6}}]},"2":{"line":137,"type":"if","locations":[{"start":{"line":137,"column":81},"end":{"line":137,"column":81}},{"start":{"line":137,"column":81},"end":{"line":137,"column":81}}]},"3":{"line":148,"type":"if","locations":[{"start":{"line":148,"column":81},"end":{"line":148,"column":81}},{"start":{"line":148,"column":81},"end":{"line":148,"column":81}}]},"4":{"line":159,"type":"if","locations":[{"start":{"line":159,"column":71},"end":{"line":159,"column":71}},{"start":{"line":159,"column":71},"end":{"line":159,"column":71}}]},"5":{"line":170,"type":"if","locations":[{"start":{"line":170,"column":61},"end":{"line":170,"column":61}},{"start":{"line":170,"column":61},"end":{"line":170,"column":61}}]},"6":{"line":182,"type":"if","locations":[{"start":{"line":182,"column":91},"end":{"line":182,"column":91}},{"start":{"line":182,"column":91},"end":{"line":182,"column":91}}]},"7":{"line":195,"type":"if","locations":[{"start":{"line":195,"column":91},"end":{"line":195,"column":91}},{"start":{"line":195,"column":91},"end":{"line":195,"column":91}}]},"8":{"line":207,"type":"if","locations":[{"start":{"line":207,"column":75},"end":{"line":207,"column":75}},{"start":{"line":207,"column":75},"end":{"line":207,"column":75}}]},"9":{"line":209,"type":"if","locations":[{"start":{"line":209,"column":12},"end":{"line":209,"column":12}},{"start":{"line":209,"column":12},"end":{"line":209,"column":12}}]},"10":{"line":236,"type":"if","locations":[{"start":{"line":236,"column":76},"end":{"line":236,"column":76}},{"start":{"line":236,"column":76},"end":{"line":236,"column":76}}]}}}}