{"contracts/mocks/OONE.sol":{"l":{"8":1},"path":"/Users/soloway2010/rewards-distributor/contracts/mocks/OONE.sol","s":{"1":1},"b":{},"f":{"1":1},"fnMap":{"1":{"name":"constructor","line":7,"loc":{"start":{"line":7,"column":4},"end":{"line":9,"column":4}}}},"statementMap":{"1":{"start":{"line":8,"column":8},"end":{"line":8,"column":47}}},"branchMap":{}},"contracts/RewardsDistributor.sol":{"l":{"64":1,"65":1,"67":1,"76":3,"78":3,"89":3,"90":2,"92":1,"93":1,"95":1,"105":4,"107":3,"108":3,"110":3},"path":"/Users/soloway2010/rewards-distributor/contracts/RewardsDistributor.sol","s":{"1":1,"2":1,"3":3,"4":3,"5":2,"6":1,"7":1,"8":4,"9":3,"10":3},"b":{"1":[1,0],"2":[3,1],"3":[3,1],"4":[2,1],"5":[1,1],"6":[4,1],"7":[3,1],"8":[0,0]},"f":{"1":1,"2":3,"3":3,"4":4,"5":0},"fnMap":{"1":{"name":"initialize","line":63,"loc":{"start":{"line":60,"column":4},"end":{"line":68,"column":4}}},"2":{"name":"setRewardsToken","line":75,"loc":{"start":{"line":75,"column":4},"end":{"line":79,"column":4}}},"3":{"name":"sendRewards","line":88,"loc":{"start":{"line":88,"column":4},"end":{"line":96,"column":4}}},"4":{"name":"refillBalance","line":104,"loc":{"start":{"line":104,"column":4},"end":{"line":111,"column":4}}},"5":{"name":"_authorizeUpgrade","line":118,"loc":{"start":{"line":118,"column":4},"end":{"line":118,"column":106}}}},"statementMap":{"1":{"start":{"line":64,"column":8},"end":{"line":64,"column":29}},"2":{"start":{"line":65,"column":8},"end":{"line":65,"column":45}},"3":{"start":{"line":76,"column":8},"end":{"line":76,"column":77}},"4":{"start":{"line":89,"column":8},"end":{"line":89,"column":80}},"5":{"start":{"line":90,"column":8},"end":{"line":90,"column":72}},"6":{"start":{"line":92,"column":8},"end":{"line":92,"column":53}},"7":{"start":{"line":95,"column":8},"end":{"line":95,"column":75}},"8":{"start":{"line":105,"column":8},"end":{"line":105,"column":74}},"9":{"start":{"line":107,"column":8},"end":{"line":107,"column":72}},"10":{"start":{"line":110,"column":8},"end":{"line":110,"column":79}}},"branchMap":{"1":{"line":63,"type":"if","locations":[{"start":{"line":63,"column":6},"end":{"line":63,"column":6}},{"start":{"line":63,"column":6},"end":{"line":63,"column":6}}]},"2":{"line":75,"type":"if","locations":[{"start":{"line":75,"column":68},"end":{"line":75,"column":68}},{"start":{"line":75,"column":68},"end":{"line":75,"column":68}}]},"3":{"line":88,"type":"if","locations":[{"start":{"line":88,"column":94},"end":{"line":88,"column":94}},{"start":{"line":88,"column":94},"end":{"line":88,"column":94}}]},"4":{"line":89,"type":"if","locations":[{"start":{"line":89,"column":8},"end":{"line":89,"column":8}},{"start":{"line":89,"column":8},"end":{"line":89,"column":8}}]},"5":{"line":90,"type":"if","locations":[{"start":{"line":90,"column":8},"end":{"line":90,"column":8}},{"start":{"line":90,"column":8},"end":{"line":90,"column":8}}]},"6":{"line":104,"type":"if","locations":[{"start":{"line":104,"column":76},"end":{"line":104,"column":76}},{"start":{"line":104,"column":76},"end":{"line":104,"column":76}}]},"7":{"line":105,"type":"if","locations":[{"start":{"line":105,"column":8},"end":{"line":105,"column":8}},{"start":{"line":105,"column":8},"end":{"line":105,"column":8}}]},"8":{"line":118,"type":"if","locations":[{"start":{"line":118,"column":76},"end":{"line":118,"column":76}},{"start":{"line":118,"column":76},"end":{"line":118,"column":76}}]}}}}