{"contracts/mocks/OONE.sol":{"l":{"14":8},"path":"/Users/soloway2010/vesting/contracts/mocks/OONE.sol","s":{"1":8},"b":{"1":[8,0]},"f":{"1":1,"2":8},"fnMap":{"1":{"name":"constructor","line":10,"loc":{"start":{"line":8,"column":4},"end":{"line":11,"column":5}}},"2":{"name":"mint","line":13,"loc":{"start":{"line":13,"column":4},"end":{"line":15,"column":4}}}},"statementMap":{"1":{"start":{"line":14,"column":8},"end":{"line":14,"column":24}}},"branchMap":{"1":{"line":13,"type":"if","locations":[{"start":{"line":13,"column":53},"end":{"line":13,"column":53}},{"start":{"line":13,"column":53},"end":{"line":13,"column":53}}]}}},"contracts/Vesting.sol":{"l":{"41":3,"42":3,"43":3,"44":3,"52":10,"55":9,"56":9,"57":3,"59":3,"63":9,"66":8,"67":8,"69":8,"77":1,"79":1,"86":13,"87":11},"path":"/Users/soloway2010/vesting/contracts/Vesting.sol","s":{"1":10,"2":9,"3":9,"4":9,"5":8,"6":8,"7":1,"8":13},"b":{"1":[10,1],"2":[9,1],"3":[3,6],"4":[8,1],"5":[1,1],"6":[11,2]},"f":{"1":3,"2":10,"3":1,"4":13},"fnMap":{"1":{"name":"constructor","line":40,"loc":{"start":{"line":40,"column":4},"end":{"line":45,"column":4}}},"2":{"name":"mint","line":51,"loc":{"start":{"line":51,"column":4},"end":{"line":70,"column":4}}},"3":{"name":"stop","line":76,"loc":{"start":{"line":76,"column":4},"end":{"line":80,"column":4}}},"4":{"name":"onlyOwner","line":85,"loc":{"start":{"line":85,"column":4},"end":{"line":88,"column":4}}}},"statementMap":{"1":{"start":{"line":52,"column":8},"end":{"line":52,"column":56}},"2":{"start":{"line":55,"column":8},"end":{"line":55,"column":76}},"3":{"start":{"line":56,"column":8},"end":{"line":56,"column":1910}},"4":{"start":{"line":63,"column":8},"end":{"line":63,"column":90}},"5":{"start":{"line":67,"column":8},"end":{"line":67,"column":38}},"6":{"start":{"line":69,"column":8},"end":{"line":69,"column":34}},"7":{"start":{"line":79,"column":8},"end":{"line":79,"column":29}},"8":{"start":{"line":86,"column":8},"end":{"line":86,"column":82}}},"branchMap":{"1":{"line":51,"type":"if","locations":[{"start":{"line":51,"column":44},"end":{"line":51,"column":44}},{"start":{"line":51,"column":44},"end":{"line":51,"column":44}}]},"2":{"line":52,"type":"if","locations":[{"start":{"line":52,"column":8},"end":{"line":52,"column":8}},{"start":{"line":52,"column":8},"end":{"line":52,"column":8}}]},"3":{"line":56,"type":"if","locations":[{"start":{"line":56,"column":8},"end":{"line":56,"column":8}},{"start":{"line":56,"column":8},"end":{"line":56,"column":8}}]},"4":{"line":63,"type":"if","locations":[{"start":{"line":63,"column":8},"end":{"line":63,"column":8}},{"start":{"line":63,"column":8},"end":{"line":63,"column":8}}]},"5":{"line":76,"type":"if","locations":[{"start":{"line":76,"column":29},"end":{"line":76,"column":29}},{"start":{"line":76,"column":29},"end":{"line":76,"column":29}}]},"6":{"line":86,"type":"if","locations":[{"start":{"line":86,"column":8},"end":{"line":86,"column":8}},{"start":{"line":86,"column":8},"end":{"line":86,"column":8}}]}}}}